<?xml version="1.0" encoding="UTF-8"?>
<testsuite xmlns:xsi="http://www.w3.org/2001/XMLSchema-instance" xsi:noNamespaceSchemaLocation="https://maven.apache.org/surefire/maven-surefire-plugin/xsd/surefire-test-report.xsd" name="PasswortValidiererTest" time="0.019" tests="22" errors="0" skipped="0" failures="0">
  <properties>
[...]
</properties>
  <testcase name="checkCorrectPw1" classname="PasswortValidiererTest" time="0.009"/>
  <testcase name="checkCamelCaseUpAndLow" classname="PasswortValidiererTest" time="0"/>
  <testcase name="checkCamelCaseLow" classname="PasswortValidiererTest" time="0"/>
  <testcase name="checkWrongPwToShortRS" classname="PasswortValidiererTest" time="0.001"/>
  <testcase name="checkCamelCaseV1_2Low" classname="PasswortValidiererTest" time="0"/>
  <testcase name="checkWrongPwToLongRS" classname="PasswortValidiererTest" time="0"/>
  <testcase name="checkCamelCaseUp" classname="PasswortValidiererTest" time="0"/>
  <testcase name="stimmtPasswortLaengeJA" classname="PasswortValidiererTest" time="0"/>
  <testcase name="checkWrongPwToWeakRS" classname="PasswortValidiererTest" time="0.001"/>
  <testcase name="checkDigitOrNot_ifNoFalse" classname="PasswortValidiererTest" time="0"/>
  <testcase name="checkCamelCaseV1_2Up" classname="PasswortValidiererTest" time="0"/>
  <testcase name="checkDigitIrNotV2Test_WithDigitMusstBeTrue" classname="PasswortValidiererTest" time="0.001"/>
  <testcase name="checkDigitOrNot_ifYesTrue" classname="PasswortValidiererTest" time="0"/>
  <testcase name="checkWrongPwNoLowwerCaseRS" classname="PasswortValidiererTest" time="0"/>
  <testcase name="checkDigitIrNotV2Test_WithNoDigitMusstBeFalse" classname="PasswortValidiererTest" time="0"/>
  <testcase name="checkWrongPw1" classname="PasswortValidiererTest" time="0"/>
  <testcase name="checkIfPwContainsBadString1" classname="PasswortValidiererTest" time="0.001"/>
  <testcase name="checkIfPwContainsBadString2" classname="PasswortValidiererTest" time="0.001"/>
  <testcase name="checkIfPwContainsBadString3" classname="PasswortValidiererTest" time="0"/>
  <testcase name="checkWrongPwNoUpperCaseRS" classname="PasswortValidiererTest" time="0"/>
  <testcase name="stimmtPasswortLaengeNEIN" classname="PasswortValidiererTest" time="0.001"/>
  <testcase name="checkCamelCaseV1_2UpAndLow" classname="PasswortValidiererTest" time="0"/>
</testsuite>